<?xml version="1.0" encoding="UTF-8"?>
<!-- Generated by org.testng.reporters.JUnitXMLReporter -->
<testsuite hostname="Sneha-PC" ignored="0" name="Banking App Test" tests="6" failures="0" timestamp="2020-02-28T00:33:37 IST" time="52.156" errors="0">
  <testcase name="LoginDDT" time="7.271" classname="com.iNetBanking.TestCases.TC_iNetBank_DDT_002"/>
  <testcase name="LoginDDT" time="10.069" classname="com.iNetBanking.TestCases.TC_iNetBank_DDT_002"/>
  <testcase name="LoginDDT" time="4.434" classname="com.iNetBanking.TestCases.TC_iNetBank_DDT_002"/>
  <testcase name="LoginDDT" time="4.237" classname="com.iNetBanking.TestCases.TC_iNetBank_DDT_002"/>
  <testcase name="LoginDDT" time="6.497" classname="com.iNetBanking.TestCases.TC_iNetBank_DDT_002"/>
  <testcase name="LoginDDT" time="2.913" classname="com.iNetBanking.TestCases.TC_iNetBank_DDT_002"/>
</testsuite> <!-- Banking App Test -->
