<?xml version="1.0" encoding="UTF-8"?>
<testng-results skipped="0" failed="0" ignored="0" total="6" passed="6">
  <reporter-output>
  </reporter-output>
  <suite name="iNetBanking_regression" duration-ms="32428" started-at="2020-03-05T18:15:53Z" finished-at="2020-03-05T18:16:25Z">
    <groups>
    </groups>
    <test name="Banking App Test" duration-ms="32428" started-at="2020-03-05T18:15:53Z" finished-at="2020-03-05T18:16:25Z">
      <class name="com.iNetBanking.TestCases.TC_iNetBank_DDT_002">
        <test-method status="PASS" signature="setup(java.lang.String)[pri:0, instance:com.iNetBanking.TestCases.TC_iNetBank_DDT_002@7946e1f4]" name="setup" is-config="true" duration-ms="8062" started-at="2020-03-05T18:15:53Z" finished-at="2020-03-05T18:16:01Z">
          <params>
            <param index="0">
              <value>
                <![CDATA[chrome]]>
              </value>
            </param>
          </params>
          <reporter-output>
          </reporter-output>
        </test-method> <!-- setup -->
        <test-method status="PASS" signature="LoginDDT(java.lang.String, java.lang.String)[pri:0, instance:com.iNetBanking.TestCases.TC_iNetBank_DDT_002@7946e1f4]" name="LoginDDT" duration-ms="5192" started-at="2020-03-05T18:16:03Z" data-provider="LoginData" finished-at="2020-03-05T18:16:08Z">
          <params>
            <param index="0">
              <value>
                <![CDATA[mngr247963]]>
              </value>
            </param>
            <param index="1">
              <value>
                <![CDATA[nAvasYd]]>
              </value>
            </param>
          </params>
          <reporter-output>
          </reporter-output>
        </test-method> <!-- LoginDDT -->
        <test-method status="PASS" signature="LoginDDT(java.lang.String, java.lang.String)[pri:0, instance:com.iNetBanking.TestCases.TC_iNetBank_DDT_002@7946e1f4]" name="LoginDDT" duration-ms="4200" started-at="2020-03-05T18:16:08Z" data-provider="LoginData" finished-at="2020-03-05T18:16:12Z">
          <params>
            <param index="0">
              <value>
                <![CDATA[mngr247965]]>
              </value>
            </param>
            <param index="1">
              <value>
                <![CDATA[vavUsyh]]>
              </value>
            </param>
          </params>
          <reporter-output>
          </reporter-output>
        </test-method> <!-- LoginDDT -->
        <test-method status="PASS" signature="LoginDDT(java.lang.String, java.lang.String)[pri:0, instance:com.iNetBanking.TestCases.TC_iNetBank_DDT_002@7946e1f4]" name="LoginDDT" duration-ms="4627" started-at="2020-03-05T18:16:12Z" data-provider="LoginData" finished-at="2020-03-05T18:16:17Z">
          <params>
            <param index="0">
              <value>
                <![CDATA[mngr247966]]>
              </value>
            </param>
            <param index="1">
              <value>
                <![CDATA[daqepym]]>
              </value>
            </param>
          </params>
          <reporter-output>
          </reporter-output>
        </test-method> <!-- LoginDDT -->
        <test-method status="PASS" signature="LoginDDT(java.lang.String, java.lang.String)[pri:0, instance:com.iNetBanking.TestCases.TC_iNetBank_DDT_002@7946e1f4]" name="LoginDDT" duration-ms="3247" started-at="2020-03-05T18:16:17Z" data-provider="LoginData" finished-at="2020-03-05T18:16:20Z">
          <params>
            <param index="0">
              <value>
                <![CDATA[mngr246332]]>
              </value>
            </param>
            <param index="1">
              <value>
                <![CDATA[nYjAjuv]]>
              </value>
            </param>
          </params>
          <reporter-output>
          </reporter-output>
        </test-method> <!-- LoginDDT -->
        <test-method status="PASS" signature="LoginDDT(java.lang.String, java.lang.String)[pri:0, instance:com.iNetBanking.TestCases.TC_iNetBank_DDT_002@7946e1f4]" name="LoginDDT" duration-ms="2161" started-at="2020-03-05T18:16:20Z" data-provider="LoginData" finished-at="2020-03-05T18:16:22Z">
          <params>
            <param index="0">
              <value>
                <![CDATA[mngr_246332]]>
              </value>
            </param>
            <param index="1">
              <value>
                <![CDATA[nYjAjuver]]>
              </value>
            </param>
          </params>
          <reporter-output>
          </reporter-output>
        </test-method> <!-- LoginDDT -->
        <test-method status="PASS" signature="LoginDDT(java.lang.String, java.lang.String)[pri:0, instance:com.iNetBanking.TestCases.TC_iNetBank_DDT_002@7946e1f4]" name="LoginDDT" duration-ms="2596" started-at="2020-03-05T18:16:22Z" data-provider="LoginData" finished-at="2020-03-05T18:16:25Z">
          <params>
            <param index="0">
              <value>
                <![CDATA[]]>
              </value>
            </param>
            <param index="1">
              <value>
                <![CDATA[]]>
              </value>
            </param>
          </params>
          <reporter-output>
          </reporter-output>
        </test-method> <!-- LoginDDT -->
        <test-method status="PASS" signature="tearDown()[pri:0, instance:com.iNetBanking.TestCases.TC_iNetBank_DDT_002@7946e1f4]" name="tearDown" is-config="true" duration-ms="633" started-at="2020-03-05T18:16:25Z" finished-at="2020-03-05T18:16:25Z">
          <reporter-output>
          </reporter-output>
        </test-method> <!-- tearDown -->
      </class> <!-- com.iNetBanking.TestCases.TC_iNetBank_DDT_002 -->
    </test> <!-- Banking App Test -->
  </suite> <!-- iNetBanking_regression -->
</testng-results>
