<?xml version="1.0" encoding="UTF-8"?>
<testng-results skipped="0" failed="0" ignored="0" total="6" passed="6">
  <reporter-output>
  </reporter-output>
  <suite name="iNetBanking_regression" duration-ms="52156" started-at="2020-02-28T00:32:45 IST" finished-at="2020-02-28T00:33:37 IST">
    <groups>
    </groups>
    <test name="Banking App Test" duration-ms="52156" started-at="2020-02-28T00:32:45 IST" finished-at="2020-02-28T00:33:37 IST">
      <class name="com.iNetBanking.TestCases.TC_iNetBank_DDT_002">
        <test-method status="PASS" signature="setup(java.lang.String)[pri:0, instance:com.iNetBanking.TestCases.TC_iNetBank_DDT_002@7f13d6e]" name="setup" is-config="true" duration-ms="13158" started-at="2020-02-28T00:32:46 IST" finished-at="2020-02-28T00:32:59 IST">
          <params>
            <param index="0">
              <value>
                <![CDATA[chrome]]>
              </value>
            </param>
          </params>
          <reporter-output>
          </reporter-output>
        </test-method> <!-- setup -->
        <test-method status="PASS" signature="LoginDDT(java.lang.String, java.lang.String)[pri:0, instance:com.iNetBanking.TestCases.TC_iNetBank_DDT_002@7f13d6e]" name="LoginDDT" duration-ms="7271" started-at="2020-02-28T00:33:00 IST" data-provider="LoginData" finished-at="2020-02-28T00:33:08 IST">
          <params>
            <param index="0">
              <value>
                <![CDATA[mngr247963]]>
              </value>
            </param>
            <param index="1">
              <value>
                <![CDATA[nAvasYd]]>
              </value>
            </param>
          </params>
          <reporter-output>
          </reporter-output>
        </test-method> <!-- LoginDDT -->
        <test-method status="PASS" signature="LoginDDT(java.lang.String, java.lang.String)[pri:0, instance:com.iNetBanking.TestCases.TC_iNetBank_DDT_002@7f13d6e]" name="LoginDDT" duration-ms="10069" started-at="2020-02-28T00:33:08 IST" data-provider="LoginData" finished-at="2020-02-28T00:33:18 IST">
          <params>
            <param index="0">
              <value>
                <![CDATA[mngr247965]]>
              </value>
            </param>
            <param index="1">
              <value>
                <![CDATA[vavUsyh]]>
              </value>
            </param>
          </params>
          <reporter-output>
          </reporter-output>
        </test-method> <!-- LoginDDT -->
        <test-method status="PASS" signature="LoginDDT(java.lang.String, java.lang.String)[pri:0, instance:com.iNetBanking.TestCases.TC_iNetBank_DDT_002@7f13d6e]" name="LoginDDT" duration-ms="4434" started-at="2020-02-28T00:33:18 IST" data-provider="LoginData" finished-at="2020-02-28T00:33:22 IST">
          <params>
            <param index="0">
              <value>
                <![CDATA[mngr247966]]>
              </value>
            </param>
            <param index="1">
              <value>
                <![CDATA[daqepym]]>
              </value>
            </param>
          </params>
          <reporter-output>
          </reporter-output>
        </test-method> <!-- LoginDDT -->
        <test-method status="PASS" signature="LoginDDT(java.lang.String, java.lang.String)[pri:0, instance:com.iNetBanking.TestCases.TC_iNetBank_DDT_002@7f13d6e]" name="LoginDDT" duration-ms="4237" started-at="2020-02-28T00:33:22 IST" data-provider="LoginData" finished-at="2020-02-28T00:33:26 IST">
          <params>
            <param index="0">
              <value>
                <![CDATA[mngr246332]]>
              </value>
            </param>
            <param index="1">
              <value>
                <![CDATA[nYjAjuv]]>
              </value>
            </param>
          </params>
          <reporter-output>
          </reporter-output>
        </test-method> <!-- LoginDDT -->
        <test-method status="PASS" signature="LoginDDT(java.lang.String, java.lang.String)[pri:0, instance:com.iNetBanking.TestCases.TC_iNetBank_DDT_002@7f13d6e]" name="LoginDDT" duration-ms="6497" started-at="2020-02-28T00:33:26 IST" data-provider="LoginData" finished-at="2020-02-28T00:33:33 IST">
          <params>
            <param index="0">
              <value>
                <![CDATA[mngr_246332]]>
              </value>
            </param>
            <param index="1">
              <value>
                <![CDATA[nYjAjuver]]>
              </value>
            </param>
          </params>
          <reporter-output>
          </reporter-output>
        </test-method> <!-- LoginDDT -->
        <test-method status="PASS" signature="LoginDDT(java.lang.String, java.lang.String)[pri:0, instance:com.iNetBanking.TestCases.TC_iNetBank_DDT_002@7f13d6e]" name="LoginDDT" duration-ms="2913" started-at="2020-02-28T00:33:33 IST" data-provider="LoginData" finished-at="2020-02-28T00:33:36 IST">
          <params>
            <param index="0">
              <value>
                <![CDATA[]]>
              </value>
            </param>
            <param index="1">
              <value>
                <![CDATA[]]>
              </value>
            </param>
          </params>
          <reporter-output>
          </reporter-output>
        </test-method> <!-- LoginDDT -->
        <test-method status="PASS" signature="tearDown()[pri:0, instance:com.iNetBanking.TestCases.TC_iNetBank_DDT_002@7f13d6e]" name="tearDown" is-config="true" duration-ms="1651" started-at="2020-02-28T00:33:36 IST" finished-at="2020-02-28T00:33:37 IST">
          <reporter-output>
          </reporter-output>
        </test-method> <!-- tearDown -->
      </class> <!-- com.iNetBanking.TestCases.TC_iNetBank_DDT_002 -->
    </test> <!-- Banking App Test -->
  </suite> <!-- iNetBanking_regression -->
</testng-results>
